[13-Apr-2026 14:27:40 Europe/Berlin] PHP Warning:  ini_set(): Session ini settings cannot be changed when a session is active in C:\xampp\htdocs\nexusmail\config.php on line 44
[13-Apr-2026 14:27:40 Europe/Berlin] PHP Warning:  ini_set(): Session ini settings cannot be changed when a session is active in C:\xampp\htdocs\nexusmail\config.php on line 45
[13-Apr-2026 14:27:53 Europe/Berlin] PHP Warning:  ini_set(): Session ini settings cannot be changed when a session is active in C:\xampp\htdocs\nexusmail\config.php on line 44
[13-Apr-2026 14:27:53 Europe/Berlin] PHP Warning:  ini_set(): Session ini settings cannot be changed when a session is active in C:\xampp\htdocs\nexusmail\config.php on line 45
[13-Apr-2026 14:28:08 Europe/Berlin] PHP Warning:  ini_set(): Session ini settings cannot be changed when a session is active in C:\xampp\htdocs\nexusmail\config.php on line 44
[13-Apr-2026 14:28:08 Europe/Berlin] PHP Warning:  ini_set(): Session ini settings cannot be changed when a session is active in C:\xampp\htdocs\nexusmail\config.php on line 45
[13-Apr-2026 14:30:45 Europe/Berlin] PHP Warning:  ini_set(): Session ini settings cannot be changed when a session is active in C:\xampp\htdocs\nexusmail\config.php on line 44
[13-Apr-2026 14:30:45 Europe/Berlin] PHP Warning:  ini_set(): Session ini settings cannot be changed when a session is active in C:\xampp\htdocs\nexusmail\config.php on line 45
[13-Apr-2026 14:30:49 Europe/Berlin] PHP Warning:  ini_set(): Session ini settings cannot be changed when a session is active in C:\xampp\htdocs\nexusmail\config.php on line 44
[13-Apr-2026 14:30:49 Europe/Berlin] PHP Warning:  ini_set(): Session ini settings cannot be changed when a session is active in C:\xampp\htdocs\nexusmail\config.php on line 45
[13-Apr-2026 14:30:52 Europe/Berlin] PHP Warning:  ini_set(): Session ini settings cannot be changed when a session is active in C:\xampp\htdocs\nexusmail\config.php on line 44
[13-Apr-2026 14:30:52 Europe/Berlin] PHP Warning:  ini_set(): Session ini settings cannot be changed when a session is active in C:\xampp\htdocs\nexusmail\config.php on line 45
[13-Apr-2026 14:31:04 Europe/Berlin] PHP Warning:  ini_set(): Session ini settings cannot be changed when a session is active in C:\xampp\htdocs\nexusmail\config.php on line 44
[13-Apr-2026 14:31:04 Europe/Berlin] PHP Warning:  ini_set(): Session ini settings cannot be changed when a session is active in C:\xampp\htdocs\nexusmail\config.php on line 45
[13-Apr-2026 14:31:13 Europe/Berlin] PHP Warning:  ini_set(): Session ini settings cannot be changed when a session is active in C:\xampp\htdocs\nexusmail\config.php on line 44
[13-Apr-2026 14:31:13 Europe/Berlin] PHP Warning:  ini_set(): Session ini settings cannot be changed when a session is active in C:\xampp\htdocs\nexusmail\config.php on line 45
[13-Apr-2026 14:31:17 Europe/Berlin] PHP Warning:  ini_set(): Session ini settings cannot be changed when a session is active in C:\xampp\htdocs\nexusmail\config.php on line 44
[13-Apr-2026 14:31:17 Europe/Berlin] PHP Warning:  ini_set(): Session ini settings cannot be changed when a session is active in C:\xampp\htdocs\nexusmail\config.php on line 45
[13-Apr-2026 14:31:21 Europe/Berlin] PHP Warning:  ini_set(): Session ini settings cannot be changed when a session is active in C:\xampp\htdocs\nexusmail\config.php on line 44
[13-Apr-2026 14:31:21 Europe/Berlin] PHP Warning:  ini_set(): Session ini settings cannot be changed when a session is active in C:\xampp\htdocs\nexusmail\config.php on line 45
[13-Apr-2026 14:31:25 Europe/Berlin] PHP Warning:  ini_set(): Session ini settings cannot be changed when a session is active in C:\xampp\htdocs\nexusmail\config.php on line 44
[13-Apr-2026 14:31:25 Europe/Berlin] PHP Warning:  ini_set(): Session ini settings cannot be changed when a session is active in C:\xampp\htdocs\nexusmail\config.php on line 45
[13-Apr-2026 14:31:29 Europe/Berlin] PHP Warning:  ini_set(): Session ini settings cannot be changed when a session is active in C:\xampp\htdocs\nexusmail\config.php on line 44
[13-Apr-2026 14:31:29 Europe/Berlin] PHP Warning:  ini_set(): Session ini settings cannot be changed when a session is active in C:\xampp\htdocs\nexusmail\config.php on line 45
[13-Apr-2026 14:31:34 Europe/Berlin] PHP Warning:  ini_set(): Session ini settings cannot be changed when a session is active in C:\xampp\htdocs\nexusmail\config.php on line 44
[13-Apr-2026 14:31:34 Europe/Berlin] PHP Warning:  ini_set(): Session ini settings cannot be changed when a session is active in C:\xampp\htdocs\nexusmail\config.php on line 45
[13-Apr-2026 14:31:38 Europe/Berlin] PHP Warning:  ini_set(): Session ini settings cannot be changed when a session is active in C:\xampp\htdocs\nexusmail\config.php on line 44
[13-Apr-2026 14:31:38 Europe/Berlin] PHP Warning:  ini_set(): Session ini settings cannot be changed when a session is active in C:\xampp\htdocs\nexusmail\config.php on line 45
[13-Apr-2026 14:31:42 Europe/Berlin] PHP Warning:  ini_set(): Session ini settings cannot be changed when a session is active in C:\xampp\htdocs\nexusmail\config.php on line 44
[13-Apr-2026 14:31:42 Europe/Berlin] PHP Warning:  ini_set(): Session ini settings cannot be changed when a session is active in C:\xampp\htdocs\nexusmail\config.php on line 45
[13-Apr-2026 14:31:46 Europe/Berlin] PHP Warning:  ini_set(): Session ini settings cannot be changed when a session is active in C:\xampp\htdocs\nexusmail\config.php on line 44
[13-Apr-2026 14:31:46 Europe/Berlin] PHP Warning:  ini_set(): Session ini settings cannot be changed when a session is active in C:\xampp\htdocs\nexusmail\config.php on line 45
[13-Apr-2026 14:31:51 Europe/Berlin] PHP Warning:  ini_set(): Session ini settings cannot be changed when a session is active in C:\xampp\htdocs\nexusmail\config.php on line 44
[13-Apr-2026 14:31:51 Europe/Berlin] PHP Warning:  ini_set(): Session ini settings cannot be changed when a session is active in C:\xampp\htdocs\nexusmail\config.php on line 45
[13-Apr-2026 14:31:55 Europe/Berlin] PHP Warning:  ini_set(): Session ini settings cannot be changed when a session is active in C:\xampp\htdocs\nexusmail\config.php on line 44
[13-Apr-2026 14:31:55 Europe/Berlin] PHP Warning:  ini_set(): Session ini settings cannot be changed when a session is active in C:\xampp\htdocs\nexusmail\config.php on line 45
[13-Apr-2026 14:31:59 Europe/Berlin] PHP Warning:  ini_set(): Session ini settings cannot be changed when a session is active in C:\xampp\htdocs\nexusmail\config.php on line 44
[13-Apr-2026 14:31:59 Europe/Berlin] PHP Warning:  ini_set(): Session ini settings cannot be changed when a session is active in C:\xampp\htdocs\nexusmail\config.php on line 45
[13-Apr-2026 14:32:04 Europe/Berlin] PHP Warning:  ini_set(): Session ini settings cannot be changed when a session is active in C:\xampp\htdocs\nexusmail\config.php on line 44
[13-Apr-2026 14:32:04 Europe/Berlin] PHP Warning:  ini_set(): Session ini settings cannot be changed when a session is active in C:\xampp\htdocs\nexusmail\config.php on line 45
[13-Apr-2026 14:32:08 Europe/Berlin] PHP Warning:  ini_set(): Session ini settings cannot be changed when a session is active in C:\xampp\htdocs\nexusmail\config.php on line 44
[13-Apr-2026 14:32:08 Europe/Berlin] PHP Warning:  ini_set(): Session ini settings cannot be changed when a session is active in C:\xampp\htdocs\nexusmail\config.php on line 45
[13-Apr-2026 14:32:12 Europe/Berlin] PHP Warning:  ini_set(): Session ini settings cannot be changed when a session is active in C:\xampp\htdocs\nexusmail\config.php on line 44
[13-Apr-2026 14:32:12 Europe/Berlin] PHP Warning:  ini_set(): Session ini settings cannot be changed when a session is active in C:\xampp\htdocs\nexusmail\config.php on line 45
[13-Apr-2026 14:32:15 Europe/Berlin] PHP Warning:  session_start(): open(C:\xampp\tmp\sess_1etn533nvfp6d5oq8jmpv7sq73, O_RDWR) failed: Permission denied (13) in C:\xampp\htdocs\nexusmail\backend.php on line 25
[13-Apr-2026 14:32:15 Europe/Berlin] PHP Warning:  session_start(): Failed to read session data: files (path: C:\xampp\tmp) in C:\xampp\htdocs\nexusmail\backend.php on line 25
[13-Apr-2026 14:32:15 Europe/Berlin] PHP Warning:  session_start(): open(C:\xampp\tmp\sess_1etn533nvfp6d5oq8jmpv7sq73, O_RDWR) failed: Permission denied (13) in C:\xampp\htdocs\nexusmail\backend.php on line 25
[13-Apr-2026 14:32:15 Europe/Berlin] PHP Warning:  session_start(): Failed to read session data: files (path: C:\xampp\tmp) in C:\xampp\htdocs\nexusmail\backend.php on line 25
[13-Apr-2026 14:32:15 Europe/Berlin] PHP Warning:  session_start(): open(C:\xampp\tmp\sess_1etn533nvfp6d5oq8jmpv7sq73, O_RDWR) failed: Permission denied (13) in C:\xampp\htdocs\nexusmail\backend.php on line 25
[13-Apr-2026 14:32:15 Europe/Berlin] PHP Warning:  session_start(): Failed to read session data: files (path: C:\xampp\tmp) in C:\xampp\htdocs\nexusmail\backend.php on line 25
[13-Apr-2026 14:32:17 Europe/Berlin] PHP Warning:  ini_set(): Session ini settings cannot be changed when a session is active in C:\xampp\htdocs\nexusmail\config.php on line 44
[13-Apr-2026 14:32:17 Europe/Berlin] PHP Warning:  ini_set(): Session ini settings cannot be changed when a session is active in C:\xampp\htdocs\nexusmail\config.php on line 45
[13-Apr-2026 14:32:17 Europe/Berlin] PHP Warning:  session_start(): open(C:\xampp\tmp\sess_1etn533nvfp6d5oq8jmpv7sq73, O_RDWR) failed: Permission denied (13) in C:\xampp\htdocs\nexusmail\config.php on line 48
[13-Apr-2026 14:32:17 Europe/Berlin] PHP Warning:  session_start(): Failed to read session data: files (path: C:\xampp\tmp) in C:\xampp\htdocs\nexusmail\config.php on line 48
[13-Apr-2026 14:32:17 Europe/Berlin] PHP Warning:  session_start(): open(C:\xampp\tmp\sess_1etn533nvfp6d5oq8jmpv7sq73, O_RDWR) failed: Permission denied (13) in C:\xampp\htdocs\nexusmail\config.php on line 48
[13-Apr-2026 14:32:17 Europe/Berlin] PHP Warning:  session_start(): Failed to read session data: files (path: C:\xampp\tmp) in C:\xampp\htdocs\nexusmail\config.php on line 48
[13-Apr-2026 14:32:17 Europe/Berlin] PHP Warning:  session_start(): open(C:\xampp\tmp\sess_1etn533nvfp6d5oq8jmpv7sq73, O_RDWR) failed: Permission denied (13) in C:\xampp\htdocs\nexusmail\config.php on line 48
[13-Apr-2026 14:32:17 Europe/Berlin] PHP Warning:  session_start(): Failed to read session data: files (path: C:\xampp\tmp) in C:\xampp\htdocs\nexusmail\config.php on line 48
[13-Apr-2026 14:32:21 Europe/Berlin] PHP Warning:  ini_set(): Session ini settings cannot be changed when a session is active in C:\xampp\htdocs\nexusmail\config.php on line 44
[13-Apr-2026 14:32:21 Europe/Berlin] PHP Warning:  ini_set(): Session ini settings cannot be changed when a session is active in C:\xampp\htdocs\nexusmail\config.php on line 45
[13-Apr-2026 14:32:26 Europe/Berlin] PHP Warning:  ini_set(): Session ini settings cannot be changed when a session is active in C:\xampp\htdocs\nexusmail\config.php on line 44
[13-Apr-2026 14:32:26 Europe/Berlin] PHP Warning:  ini_set(): Session ini settings cannot be changed when a session is active in C:\xampp\htdocs\nexusmail\config.php on line 45
[13-Apr-2026 14:32:36 Europe/Berlin] PHP Warning:  ini_set(): Session ini settings cannot be changed when a session is active in C:\xampp\htdocs\nexusmail\config.php on line 44
[13-Apr-2026 14:32:36 Europe/Berlin] PHP Warning:  ini_set(): Session ini settings cannot be changed when a session is active in C:\xampp\htdocs\nexusmail\config.php on line 45
[13-Apr-2026 14:32:40 Europe/Berlin] PHP Warning:  ini_set(): Session ini settings cannot be changed when a session is active in C:\xampp\htdocs\nexusmail\config.php on line 44
[13-Apr-2026 14:32:40 Europe/Berlin] PHP Warning:  ini_set(): Session ini settings cannot be changed when a session is active in C:\xampp\htdocs\nexusmail\config.php on line 45
[13-Apr-2026 14:32:54 Europe/Berlin] PHP Warning:  ini_set(): Session ini settings cannot be changed when a session is active in C:\xampp\htdocs\nexusmail\config.php on line 44
[13-Apr-2026 14:32:54 Europe/Berlin] PHP Warning:  ini_set(): Session ini settings cannot be changed when a session is active in C:\xampp\htdocs\nexusmail\config.php on line 45
[13-Apr-2026 14:33:01 Europe/Berlin] PHP Warning:  ini_set(): Session ini settings cannot be changed when a session is active in C:\xampp\htdocs\nexusmail\config.php on line 44
[13-Apr-2026 14:33:01 Europe/Berlin] PHP Warning:  ini_set(): Session ini settings cannot be changed when a session is active in C:\xampp\htdocs\nexusmail\config.php on line 45
[13-Apr-2026 14:33:10 Europe/Berlin] PHP Warning:  ini_set(): Session ini settings cannot be changed when a session is active in C:\xampp\htdocs\nexusmail\config.php on line 44
[13-Apr-2026 14:33:10 Europe/Berlin] PHP Warning:  ini_set(): Session ini settings cannot be changed when a session is active in C:\xampp\htdocs\nexusmail\config.php on line 45
[13-Apr-2026 14:33:20 Europe/Berlin] PHP Warning:  ini_set(): Session ini settings cannot be changed when a session is active in C:\xampp\htdocs\nexusmail\config.php on line 44
[13-Apr-2026 14:33:20 Europe/Berlin] PHP Warning:  ini_set(): Session ini settings cannot be changed when a session is active in C:\xampp\htdocs\nexusmail\config.php on line 45
[13-Apr-2026 14:33:29 Europe/Berlin] PHP Warning:  ini_set(): Session ini settings cannot be changed when a session is active in C:\xampp\htdocs\nexusmail\config.php on line 44
[13-Apr-2026 14:33:29 Europe/Berlin] PHP Warning:  ini_set(): Session ini settings cannot be changed when a session is active in C:\xampp\htdocs\nexusmail\config.php on line 45
[13-Apr-2026 14:33:33 Europe/Berlin] PHP Warning:  ini_set(): Session ini settings cannot be changed when a session is active in C:\xampp\htdocs\nexusmail\config.php on line 44
[13-Apr-2026 14:33:33 Europe/Berlin] PHP Warning:  ini_set(): Session ini settings cannot be changed when a session is active in C:\xampp\htdocs\nexusmail\config.php on line 45
[13-Apr-2026 14:33:48 Europe/Berlin] PHP Warning:  ini_set(): Session ini settings cannot be changed when a session is active in C:\xampp\htdocs\nexusmail\config.php on line 44
[13-Apr-2026 14:33:48 Europe/Berlin] PHP Warning:  ini_set(): Session ini settings cannot be changed when a session is active in C:\xampp\htdocs\nexusmail\config.php on line 45
[13-Apr-2026 14:33:56 Europe/Berlin] PHP Warning:  ini_set(): Session ini settings cannot be changed when a session is active in C:\xampp\htdocs\nexusmail\config.php on line 44
[13-Apr-2026 14:33:56 Europe/Berlin] PHP Warning:  ini_set(): Session ini settings cannot be changed when a session is active in C:\xampp\htdocs\nexusmail\config.php on line 45
[13-Apr-2026 14:34:04 Europe/Berlin] PHP Warning:  ini_set(): Session ini settings cannot be changed when a session is active in C:\xampp\htdocs\nexusmail\config.php on line 44
[13-Apr-2026 14:34:04 Europe/Berlin] PHP Warning:  ini_set(): Session ini settings cannot be changed when a session is active in C:\xampp\htdocs\nexusmail\config.php on line 45
[13-Apr-2026 14:34:45 Europe/Berlin] PHP Warning:  ini_set(): Session ini settings cannot be changed when a session is active in C:\xampp\htdocs\nexusmail\config.php on line 44
[13-Apr-2026 14:34:45 Europe/Berlin] PHP Warning:  ini_set(): Session ini settings cannot be changed when a session is active in C:\xampp\htdocs\nexusmail\config.php on line 45
[13-Apr-2026 14:34:49 Europe/Berlin] PHP Warning:  ini_set(): Session ini settings cannot be changed when a session is active in C:\xampp\htdocs\nexusmail\config.php on line 44
[13-Apr-2026 14:34:49 Europe/Berlin] PHP Warning:  ini_set(): Session ini settings cannot be changed when a session is active in C:\xampp\htdocs\nexusmail\config.php on line 45
[13-Apr-2026 14:35:06 Europe/Berlin] PHP Warning:  ini_set(): Session ini settings cannot be changed when a session is active in C:\xampp\htdocs\nexusmail\config.php on line 44
[13-Apr-2026 14:35:06 Europe/Berlin] PHP Warning:  ini_set(): Session ini settings cannot be changed when a session is active in C:\xampp\htdocs\nexusmail\config.php on line 45
[13-Apr-2026 14:35:10 Europe/Berlin] PHP Warning:  ini_set(): Session ini settings cannot be changed when a session is active in C:\xampp\htdocs\nexusmail\config.php on line 44
[13-Apr-2026 14:35:10 Europe/Berlin] PHP Warning:  ini_set(): Session ini settings cannot be changed when a session is active in C:\xampp\htdocs\nexusmail\config.php on line 45
[13-Apr-2026 14:35:19 Europe/Berlin] PHP Warning:  ini_set(): Session ini settings cannot be changed when a session is active in C:\xampp\htdocs\nexusmail\config.php on line 44
[13-Apr-2026 14:35:19 Europe/Berlin] PHP Warning:  ini_set(): Session ini settings cannot be changed when a session is active in C:\xampp\htdocs\nexusmail\config.php on line 45
[13-Apr-2026 14:37:08 Europe/Berlin] PHP Warning:  ini_set(): Session ini settings cannot be changed when a session is active in C:\xampp\htdocs\nexusmail\config.php on line 44
[13-Apr-2026 14:37:08 Europe/Berlin] PHP Warning:  ini_set(): Session ini settings cannot be changed when a session is active in C:\xampp\htdocs\nexusmail\config.php on line 45
[13-Apr-2026 14:38:34 Europe/Berlin] PHP Warning:  ini_set(): Session ini settings cannot be changed when a session is active in C:\xampp\htdocs\nexusmail\config.php on line 44
[13-Apr-2026 14:38:34 Europe/Berlin] PHP Warning:  ini_set(): Session ini settings cannot be changed when a session is active in C:\xampp\htdocs\nexusmail\config.php on line 45
[13-Apr-2026 14:38:40 Europe/Berlin] PHP Warning:  ini_set(): Session ini settings cannot be changed when a session is active in C:\xampp\htdocs\nexusmail\config.php on line 44
[13-Apr-2026 14:38:40 Europe/Berlin] PHP Warning:  ini_set(): Session ini settings cannot be changed when a session is active in C:\xampp\htdocs\nexusmail\config.php on line 45
[13-Apr-2026 14:38:56 Europe/Berlin] PHP Warning:  ini_set(): Session ini settings cannot be changed when a session is active in C:\xampp\htdocs\nexusmail\config.php on line 44
[13-Apr-2026 14:38:56 Europe/Berlin] PHP Warning:  ini_set(): Session ini settings cannot be changed when a session is active in C:\xampp\htdocs\nexusmail\config.php on line 45
[13-Apr-2026 14:39:02 Europe/Berlin] PHP Warning:  ini_set(): Session ini settings cannot be changed when a session is active in C:\xampp\htdocs\nexusmail\config.php on line 44
[13-Apr-2026 14:39:02 Europe/Berlin] PHP Warning:  ini_set(): Session ini settings cannot be changed when a session is active in C:\xampp\htdocs\nexusmail\config.php on line 45
[13-Apr-2026 14:39:16 Europe/Berlin] PHP Warning:  ini_set(): Session ini settings cannot be changed when a session is active in C:\xampp\htdocs\nexusmail\config.php on line 44
[13-Apr-2026 14:39:16 Europe/Berlin] PHP Warning:  ini_set(): Session ini settings cannot be changed when a session is active in C:\xampp\htdocs\nexusmail\config.php on line 45
[13-Apr-2026 14:39:30 Europe/Berlin] PHP Warning:  ini_set(): Session ini settings cannot be changed when a session is active in C:\xampp\htdocs\nexusmail\config.php on line 44
[13-Apr-2026 14:39:30 Europe/Berlin] PHP Warning:  ini_set(): Session ini settings cannot be changed when a session is active in C:\xampp\htdocs\nexusmail\config.php on line 45
[13-Apr-2026 14:39:39 Europe/Berlin] PHP Warning:  ini_set(): Session ini settings cannot be changed when a session is active in C:\xampp\htdocs\nexusmail\config.php on line 44
[13-Apr-2026 14:39:39 Europe/Berlin] PHP Warning:  ini_set(): Session ini settings cannot be changed when a session is active in C:\xampp\htdocs\nexusmail\config.php on line 45
[13-Apr-2026 14:39:58 Europe/Berlin] PHP Warning:  ini_set(): Session ini settings cannot be changed when a session is active in C:\xampp\htdocs\nexusmail\config.php on line 44
[13-Apr-2026 14:39:58 Europe/Berlin] PHP Warning:  ini_set(): Session ini settings cannot be changed when a session is active in C:\xampp\htdocs\nexusmail\config.php on line 45
[13-Apr-2026 14:40:11 Europe/Berlin] PHP Warning:  ini_set(): Session ini settings cannot be changed when a session is active in C:\xampp\htdocs\nexusmail\config.php on line 44
[13-Apr-2026 14:40:11 Europe/Berlin] PHP Warning:  ini_set(): Session ini settings cannot be changed when a session is active in C:\xampp\htdocs\nexusmail\config.php on line 45
[13-Apr-2026 14:40:21 Europe/Berlin] PHP Warning:  ini_set(): Session ini settings cannot be changed when a session is active in C:\xampp\htdocs\nexusmail\config.php on line 44
[13-Apr-2026 14:40:21 Europe/Berlin] PHP Warning:  ini_set(): Session ini settings cannot be changed when a session is active in C:\xampp\htdocs\nexusmail\config.php on line 45
[13-Apr-2026 14:40:46 Europe/Berlin] PHP Warning:  ini_set(): Session ini settings cannot be changed when a session is active in C:\xampp\htdocs\nexusmail\config.php on line 44
[13-Apr-2026 14:40:46 Europe/Berlin] PHP Warning:  ini_set(): Session ini settings cannot be changed when a session is active in C:\xampp\htdocs\nexusmail\config.php on line 45
[13-Apr-2026 14:42:27 Europe/Berlin] PHP Warning:  ini_set(): Session ini settings cannot be changed when a session is active in C:\xampp\htdocs\nexusmail\config.php on line 44
[13-Apr-2026 14:42:27 Europe/Berlin] PHP Warning:  ini_set(): Session ini settings cannot be changed when a session is active in C:\xampp\htdocs\nexusmail\config.php on line 45
[13-Apr-2026 14:42:44 Europe/Berlin] PHP Warning:  ini_set(): Session ini settings cannot be changed when a session is active in C:\xampp\htdocs\nexusmail\config.php on line 44
[13-Apr-2026 14:42:44 Europe/Berlin] PHP Warning:  ini_set(): Session ini settings cannot be changed when a session is active in C:\xampp\htdocs\nexusmail\config.php on line 45
[13-Apr-2026 14:42:54 Europe/Berlin] PHP Warning:  ini_set(): Session ini settings cannot be changed when a session is active in C:\xampp\htdocs\nexusmail\config.php on line 44
[13-Apr-2026 14:42:54 Europe/Berlin] PHP Warning:  ini_set(): Session ini settings cannot be changed when a session is active in C:\xampp\htdocs\nexusmail\config.php on line 45
[13-Apr-2026 15:09:35 Europe/Berlin] PHP Warning:  ini_set(): Session ini settings cannot be changed when a session is active in C:\xampp\htdocs\nexusmail\config.php on line 44
[13-Apr-2026 15:09:35 Europe/Berlin] PHP Warning:  ini_set(): Session ini settings cannot be changed when a session is active in C:\xampp\htdocs\nexusmail\config.php on line 45
[13-Apr-2026 15:09:43 Europe/Berlin] PHP Warning:  ini_set(): Session ini settings cannot be changed when a session is active in C:\xampp\htdocs\nexusmail\config.php on line 44
[13-Apr-2026 15:09:43 Europe/Berlin] PHP Warning:  ini_set(): Session ini settings cannot be changed when a session is active in C:\xampp\htdocs\nexusmail\config.php on line 45
[13-Apr-2026 15:09:54 Europe/Berlin] PHP Warning:  ini_set(): Session ini settings cannot be changed when a session is active in C:\xampp\htdocs\nexusmail\config.php on line 44
[13-Apr-2026 15:09:54 Europe/Berlin] PHP Warning:  ini_set(): Session ini settings cannot be changed when a session is active in C:\xampp\htdocs\nexusmail\config.php on line 45
[13-Apr-2026 15:10:56 Europe/Berlin] PHP Warning:  ini_set(): Session ini settings cannot be changed when a session is active in C:\xampp\htdocs\nexusmail\config.php on line 44
[13-Apr-2026 15:10:56 Europe/Berlin] PHP Warning:  ini_set(): Session ini settings cannot be changed when a session is active in C:\xampp\htdocs\nexusmail\config.php on line 45
[13-Apr-2026 15:11:09 Europe/Berlin] PHP Warning:  ini_set(): Session ini settings cannot be changed when a session is active in C:\xampp\htdocs\nexusmail\config.php on line 44
[13-Apr-2026 15:11:09 Europe/Berlin] PHP Warning:  ini_set(): Session ini settings cannot be changed when a session is active in C:\xampp\htdocs\nexusmail\config.php on line 45
[13-Apr-2026 15:11:24 Europe/Berlin] PHP Warning:  ini_set(): Session ini settings cannot be changed when a session is active in C:\xampp\htdocs\nexusmail\config.php on line 44
[13-Apr-2026 15:11:24 Europe/Berlin] PHP Warning:  ini_set(): Session ini settings cannot be changed when a session is active in C:\xampp\htdocs\nexusmail\config.php on line 45
[13-Apr-2026 15:11:37 Europe/Berlin] PHP Warning:  ini_set(): Session ini settings cannot be changed when a session is active in C:\xampp\htdocs\nexusmail\config.php on line 44
[13-Apr-2026 15:11:37 Europe/Berlin] PHP Warning:  ini_set(): Session ini settings cannot be changed when a session is active in C:\xampp\htdocs\nexusmail\config.php on line 45
[13-Apr-2026 15:11:54 Europe/Berlin] PHP Warning:  ini_set(): Session ini settings cannot be changed when a session is active in C:\xampp\htdocs\nexusmail\config.php on line 44
[13-Apr-2026 15:11:54 Europe/Berlin] PHP Warning:  ini_set(): Session ini settings cannot be changed when a session is active in C:\xampp\htdocs\nexusmail\config.php on line 45
[13-Apr-2026 15:12:44 Europe/Berlin] PHP Warning:  ini_set(): Session ini settings cannot be changed when a session is active in C:\xampp\htdocs\nexusmail\config.php on line 44
[13-Apr-2026 15:12:44 Europe/Berlin] PHP Warning:  ini_set(): Session ini settings cannot be changed when a session is active in C:\xampp\htdocs\nexusmail\config.php on line 45
[13-Apr-2026 15:12:55 Europe/Berlin] PHP Warning:  ini_set(): Session ini settings cannot be changed when a session is active in C:\xampp\htdocs\nexusmail\config.php on line 44
[13-Apr-2026 15:12:55 Europe/Berlin] PHP Warning:  ini_set(): Session ini settings cannot be changed when a session is active in C:\xampp\htdocs\nexusmail\config.php on line 45
[13-Apr-2026 15:13:11 Europe/Berlin] PHP Warning:  ini_set(): Session ini settings cannot be changed when a session is active in C:\xampp\htdocs\nexusmail\config.php on line 44
[13-Apr-2026 15:13:11 Europe/Berlin] PHP Warning:  ini_set(): Session ini settings cannot be changed when a session is active in C:\xampp\htdocs\nexusmail\config.php on line 45
[13-Apr-2026 15:13:27 Europe/Berlin] PHP Warning:  ini_set(): Session ini settings cannot be changed when a session is active in C:\xampp\htdocs\nexusmail\config.php on line 44
[13-Apr-2026 15:13:27 Europe/Berlin] PHP Warning:  ini_set(): Session ini settings cannot be changed when a session is active in C:\xampp\htdocs\nexusmail\config.php on line 45
[13-Apr-2026 15:13:33 Europe/Berlin] PHP Warning:  ini_set(): Session ini settings cannot be changed when a session is active in C:\xampp\htdocs\nexusmail\config.php on line 44
[13-Apr-2026 15:13:33 Europe/Berlin] PHP Warning:  ini_set(): Session ini settings cannot be changed when a session is active in C:\xampp\htdocs\nexusmail\config.php on line 45
[13-Apr-2026 15:13:36 Europe/Berlin] PHP Warning:  ini_set(): Session ini settings cannot be changed when a session is active in C:\xampp\htdocs\nexusmail\config.php on line 44
[13-Apr-2026 15:13:36 Europe/Berlin] PHP Warning:  ini_set(): Session ini settings cannot be changed when a session is active in C:\xampp\htdocs\nexusmail\config.php on line 45
[13-Apr-2026 15:13:41 Europe/Berlin] PHP Warning:  ini_set(): Session ini settings cannot be changed when a session is active in C:\xampp\htdocs\nexusmail\config.php on line 44
[13-Apr-2026 15:13:41 Europe/Berlin] PHP Warning:  ini_set(): Session ini settings cannot be changed when a session is active in C:\xampp\htdocs\nexusmail\config.php on line 45
[13-Apr-2026 15:13:45 Europe/Berlin] PHP Warning:  ini_set(): Session ini settings cannot be changed when a session is active in C:\xampp\htdocs\nexusmail\config.php on line 44
[13-Apr-2026 15:13:45 Europe/Berlin] PHP Warning:  ini_set(): Session ini settings cannot be changed when a session is active in C:\xampp\htdocs\nexusmail\config.php on line 45
[13-Apr-2026 15:13:49 Europe/Berlin] PHP Warning:  ini_set(): Session ini settings cannot be changed when a session is active in C:\xampp\htdocs\nexusmail\config.php on line 44
[13-Apr-2026 15:13:49 Europe/Berlin] PHP Warning:  ini_set(): Session ini settings cannot be changed when a session is active in C:\xampp\htdocs\nexusmail\config.php on line 45
[13-Apr-2026 15:13:54 Europe/Berlin] PHP Warning:  ini_set(): Session ini settings cannot be changed when a session is active in C:\xampp\htdocs\nexusmail\config.php on line 44
[13-Apr-2026 15:13:54 Europe/Berlin] PHP Warning:  ini_set(): Session ini settings cannot be changed when a session is active in C:\xampp\htdocs\nexusmail\config.php on line 45
[13-Apr-2026 15:13:58 Europe/Berlin] PHP Warning:  ini_set(): Session ini settings cannot be changed when a session is active in C:\xampp\htdocs\nexusmail\config.php on line 44
[13-Apr-2026 15:13:58 Europe/Berlin] PHP Warning:  ini_set(): Session ini settings cannot be changed when a session is active in C:\xampp\htdocs\nexusmail\config.php on line 45
[13-Apr-2026 15:14:02 Europe/Berlin] PHP Warning:  ini_set(): Session ini settings cannot be changed when a session is active in C:\xampp\htdocs\nexusmail\config.php on line 44
[13-Apr-2026 15:14:02 Europe/Berlin] PHP Warning:  ini_set(): Session ini settings cannot be changed when a session is active in C:\xampp\htdocs\nexusmail\config.php on line 45
[13-Apr-2026 15:14:07 Europe/Berlin] PHP Warning:  ini_set(): Session ini settings cannot be changed when a session is active in C:\xampp\htdocs\nexusmail\config.php on line 44
[13-Apr-2026 15:14:07 Europe/Berlin] PHP Warning:  ini_set(): Session ini settings cannot be changed when a session is active in C:\xampp\htdocs\nexusmail\config.php on line 45
[13-Apr-2026 15:14:11 Europe/Berlin] PHP Warning:  ini_set(): Session ini settings cannot be changed when a session is active in C:\xampp\htdocs\nexusmail\config.php on line 44
[13-Apr-2026 15:14:11 Europe/Berlin] PHP Warning:  ini_set(): Session ini settings cannot be changed when a session is active in C:\xampp\htdocs\nexusmail\config.php on line 45
[13-Apr-2026 15:14:15 Europe/Berlin] PHP Warning:  ini_set(): Session ini settings cannot be changed when a session is active in C:\xampp\htdocs\nexusmail\config.php on line 44
[13-Apr-2026 15:14:15 Europe/Berlin] PHP Warning:  ini_set(): Session ini settings cannot be changed when a session is active in C:\xampp\htdocs\nexusmail\config.php on line 45
[13-Apr-2026 15:14:19 Europe/Berlin] PHP Warning:  ini_set(): Session ini settings cannot be changed when a session is active in C:\xampp\htdocs\nexusmail\config.php on line 44
[13-Apr-2026 15:14:19 Europe/Berlin] PHP Warning:  ini_set(): Session ini settings cannot be changed when a session is active in C:\xampp\htdocs\nexusmail\config.php on line 45
[13-Apr-2026 15:14:24 Europe/Berlin] PHP Warning:  ini_set(): Session ini settings cannot be changed when a session is active in C:\xampp\htdocs\nexusmail\config.php on line 44
[13-Apr-2026 15:14:24 Europe/Berlin] PHP Warning:  ini_set(): Session ini settings cannot be changed when a session is active in C:\xampp\htdocs\nexusmail\config.php on line 45
[13-Apr-2026 15:14:27 Europe/Berlin] PHP Warning:  ini_set(): Session ini settings cannot be changed when a session is active in C:\xampp\htdocs\nexusmail\config.php on line 44
[13-Apr-2026 15:14:27 Europe/Berlin] PHP Warning:  ini_set(): Session ini settings cannot be changed when a session is active in C:\xampp\htdocs\nexusmail\config.php on line 45
[13-Apr-2026 15:14:32 Europe/Berlin] PHP Warning:  ini_set(): Session ini settings cannot be changed when a session is active in C:\xampp\htdocs\nexusmail\config.php on line 44
[13-Apr-2026 15:14:32 Europe/Berlin] PHP Warning:  ini_set(): Session ini settings cannot be changed when a session is active in C:\xampp\htdocs\nexusmail\config.php on line 45
[13-Apr-2026 15:14:36 Europe/Berlin] PHP Warning:  ini_set(): Session ini settings cannot be changed when a session is active in C:\xampp\htdocs\nexusmail\config.php on line 44
[13-Apr-2026 15:14:36 Europe/Berlin] PHP Warning:  ini_set(): Session ini settings cannot be changed when a session is active in C:\xampp\htdocs\nexusmail\config.php on line 45
[13-Apr-2026 15:14:43 Europe/Berlin] PHP Warning:  ini_set(): Session ini settings cannot be changed when a session is active in C:\xampp\htdocs\nexusmail\config.php on line 44
[13-Apr-2026 15:14:43 Europe/Berlin] PHP Warning:  ini_set(): Session ini settings cannot be changed when a session is active in C:\xampp\htdocs\nexusmail\config.php on line 45
[13-Apr-2026 15:14:47 Europe/Berlin] PHP Warning:  ini_set(): Session ini settings cannot be changed when a session is active in C:\xampp\htdocs\nexusmail\config.php on line 44
[13-Apr-2026 15:14:47 Europe/Berlin] PHP Warning:  ini_set(): Session ini settings cannot be changed when a session is active in C:\xampp\htdocs\nexusmail\config.php on line 45
[13-Apr-2026 15:14:52 Europe/Berlin] PHP Warning:  ini_set(): Session ini settings cannot be changed when a session is active in C:\xampp\htdocs\nexusmail\config.php on line 44
[13-Apr-2026 15:14:52 Europe/Berlin] PHP Warning:  ini_set(): Session ini settings cannot be changed when a session is active in C:\xampp\htdocs\nexusmail\config.php on line 45
[13-Apr-2026 15:14:56 Europe/Berlin] PHP Warning:  ini_set(): Session ini settings cannot be changed when a session is active in C:\xampp\htdocs\nexusmail\config.php on line 44
[13-Apr-2026 15:14:56 Europe/Berlin] PHP Warning:  ini_set(): Session ini settings cannot be changed when a session is active in C:\xampp\htdocs\nexusmail\config.php on line 45
[13-Apr-2026 15:15:00 Europe/Berlin] PHP Warning:  ini_set(): Session ini settings cannot be changed when a session is active in C:\xampp\htdocs\nexusmail\config.php on line 44
[13-Apr-2026 15:15:00 Europe/Berlin] PHP Warning:  ini_set(): Session ini settings cannot be changed when a session is active in C:\xampp\htdocs\nexusmail\config.php on line 45
[13-Apr-2026 15:15:05 Europe/Berlin] PHP Warning:  ini_set(): Session ini settings cannot be changed when a session is active in C:\xampp\htdocs\nexusmail\config.php on line 44
[13-Apr-2026 15:15:05 Europe/Berlin] PHP Warning:  ini_set(): Session ini settings cannot be changed when a session is active in C:\xampp\htdocs\nexusmail\config.php on line 45
[13-Apr-2026 15:15:09 Europe/Berlin] PHP Warning:  ini_set(): Session ini settings cannot be changed when a session is active in C:\xampp\htdocs\nexusmail\config.php on line 44
[13-Apr-2026 15:15:09 Europe/Berlin] PHP Warning:  ini_set(): Session ini settings cannot be changed when a session is active in C:\xampp\htdocs\nexusmail\config.php on line 45
[13-Apr-2026 15:15:13 Europe/Berlin] PHP Warning:  ini_set(): Session ini settings cannot be changed when a session is active in C:\xampp\htdocs\nexusmail\config.php on line 44
[13-Apr-2026 15:15:13 Europe/Berlin] PHP Warning:  ini_set(): Session ini settings cannot be changed when a session is active in C:\xampp\htdocs\nexusmail\config.php on line 45
[13-Apr-2026 15:15:18 Europe/Berlin] PHP Warning:  ini_set(): Session ini settings cannot be changed when a session is active in C:\xampp\htdocs\nexusmail\config.php on line 44
[13-Apr-2026 15:15:18 Europe/Berlin] PHP Warning:  ini_set(): Session ini settings cannot be changed when a session is active in C:\xampp\htdocs\nexusmail\config.php on line 45
[13-Apr-2026 15:15:22 Europe/Berlin] PHP Warning:  ini_set(): Session ini settings cannot be changed when a session is active in C:\xampp\htdocs\nexusmail\config.php on line 44
[13-Apr-2026 15:15:22 Europe/Berlin] PHP Warning:  ini_set(): Session ini settings cannot be changed when a session is active in C:\xampp\htdocs\nexusmail\config.php on line 45
[13-Apr-2026 15:15:27 Europe/Berlin] PHP Warning:  ini_set(): Session ini settings cannot be changed when a session is active in C:\xampp\htdocs\nexusmail\config.php on line 44
[13-Apr-2026 15:15:27 Europe/Berlin] PHP Warning:  ini_set(): Session ini settings cannot be changed when a session is active in C:\xampp\htdocs\nexusmail\config.php on line 45
[13-Apr-2026 15:15:31 Europe/Berlin] PHP Warning:  ini_set(): Session ini settings cannot be changed when a session is active in C:\xampp\htdocs\nexusmail\config.php on line 44
[13-Apr-2026 15:15:31 Europe/Berlin] PHP Warning:  ini_set(): Session ini settings cannot be changed when a session is active in C:\xampp\htdocs\nexusmail\config.php on line 45
[13-Apr-2026 15:15:39 Europe/Berlin] PHP Warning:  ini_set(): Session ini settings cannot be changed when a session is active in C:\xampp\htdocs\nexusmail\config.php on line 44
[13-Apr-2026 15:15:39 Europe/Berlin] PHP Warning:  ini_set(): Session ini settings cannot be changed when a session is active in C:\xampp\htdocs\nexusmail\config.php on line 45
[13-Apr-2026 15:15:46 Europe/Berlin] PHP Warning:  ini_set(): Session ini settings cannot be changed when a session is active in C:\xampp\htdocs\nexusmail\config.php on line 44
[13-Apr-2026 15:15:46 Europe/Berlin] PHP Warning:  ini_set(): Session ini settings cannot be changed when a session is active in C:\xampp\htdocs\nexusmail\config.php on line 45
[13-Apr-2026 15:15:50 Europe/Berlin] PHP Warning:  ini_set(): Session ini settings cannot be changed when a session is active in C:\xampp\htdocs\nexusmail\config.php on line 44
[13-Apr-2026 15:15:50 Europe/Berlin] PHP Warning:  ini_set(): Session ini settings cannot be changed when a session is active in C:\xampp\htdocs\nexusmail\config.php on line 45
[13-Apr-2026 15:15:55 Europe/Berlin] PHP Warning:  ini_set(): Session ini settings cannot be changed when a session is active in C:\xampp\htdocs\nexusmail\config.php on line 44
[13-Apr-2026 15:15:55 Europe/Berlin] PHP Warning:  ini_set(): Session ini settings cannot be changed when a session is active in C:\xampp\htdocs\nexusmail\config.php on line 45
[13-Apr-2026 15:16:00 Europe/Berlin] PHP Warning:  ini_set(): Session ini settings cannot be changed when a session is active in C:\xampp\htdocs\nexusmail\config.php on line 44
[13-Apr-2026 15:16:00 Europe/Berlin] PHP Warning:  ini_set(): Session ini settings cannot be changed when a session is active in C:\xampp\htdocs\nexusmail\config.php on line 45
[13-Apr-2026 15:16:05 Europe/Berlin] PHP Warning:  ini_set(): Session ini settings cannot be changed when a session is active in C:\xampp\htdocs\nexusmail\config.php on line 44
[13-Apr-2026 15:16:05 Europe/Berlin] PHP Warning:  ini_set(): Session ini settings cannot be changed when a session is active in C:\xampp\htdocs\nexusmail\config.php on line 45
[13-Apr-2026 15:16:09 Europe/Berlin] PHP Warning:  ini_set(): Session ini settings cannot be changed when a session is active in C:\xampp\htdocs\nexusmail\config.php on line 44
[13-Apr-2026 15:16:09 Europe/Berlin] PHP Warning:  ini_set(): Session ini settings cannot be changed when a session is active in C:\xampp\htdocs\nexusmail\config.php on line 45
[13-Apr-2026 15:16:14 Europe/Berlin] PHP Warning:  ini_set(): Session ini settings cannot be changed when a session is active in C:\xampp\htdocs\nexusmail\config.php on line 44
[13-Apr-2026 15:16:14 Europe/Berlin] PHP Warning:  ini_set(): Session ini settings cannot be changed when a session is active in C:\xampp\htdocs\nexusmail\config.php on line 45
[13-Apr-2026 15:16:19 Europe/Berlin] PHP Warning:  ini_set(): Session ini settings cannot be changed when a session is active in C:\xampp\htdocs\nexusmail\config.php on line 44
[13-Apr-2026 15:16:19 Europe/Berlin] PHP Warning:  ini_set(): Session ini settings cannot be changed when a session is active in C:\xampp\htdocs\nexusmail\config.php on line 45
[13-Apr-2026 15:16:23 Europe/Berlin] PHP Warning:  ini_set(): Session ini settings cannot be changed when a session is active in C:\xampp\htdocs\nexusmail\config.php on line 44
[13-Apr-2026 15:16:23 Europe/Berlin] PHP Warning:  ini_set(): Session ini settings cannot be changed when a session is active in C:\xampp\htdocs\nexusmail\config.php on line 45
[13-Apr-2026 15:16:27 Europe/Berlin] PHP Warning:  ini_set(): Session ini settings cannot be changed when a session is active in C:\xampp\htdocs\nexusmail\config.php on line 44
[13-Apr-2026 15:16:27 Europe/Berlin] PHP Warning:  ini_set(): Session ini settings cannot be changed when a session is active in C:\xampp\htdocs\nexusmail\config.php on line 45
[13-Apr-2026 15:16:31 Europe/Berlin] PHP Warning:  ini_set(): Session ini settings cannot be changed when a session is active in C:\xampp\htdocs\nexusmail\config.php on line 44
[13-Apr-2026 15:16:31 Europe/Berlin] PHP Warning:  ini_set(): Session ini settings cannot be changed when a session is active in C:\xampp\htdocs\nexusmail\config.php on line 45
[13-Apr-2026 15:16:36 Europe/Berlin] PHP Warning:  ini_set(): Session ini settings cannot be changed when a session is active in C:\xampp\htdocs\nexusmail\config.php on line 44
[13-Apr-2026 15:16:36 Europe/Berlin] PHP Warning:  ini_set(): Session ini settings cannot be changed when a session is active in C:\xampp\htdocs\nexusmail\config.php on line 45
[13-Apr-2026 15:16:40 Europe/Berlin] PHP Warning:  ini_set(): Session ini settings cannot be changed when a session is active in C:\xampp\htdocs\nexusmail\config.php on line 44
[13-Apr-2026 15:16:40 Europe/Berlin] PHP Warning:  ini_set(): Session ini settings cannot be changed when a session is active in C:\xampp\htdocs\nexusmail\config.php on line 45
[13-Apr-2026 15:16:44 Europe/Berlin] PHP Warning:  ini_set(): Session ini settings cannot be changed when a session is active in C:\xampp\htdocs\nexusmail\config.php on line 44
[13-Apr-2026 15:16:44 Europe/Berlin] PHP Warning:  ini_set(): Session ini settings cannot be changed when a session is active in C:\xampp\htdocs\nexusmail\config.php on line 45
[13-Apr-2026 15:16:49 Europe/Berlin] PHP Warning:  ini_set(): Session ini settings cannot be changed when a session is active in C:\xampp\htdocs\nexusmail\config.php on line 44
[13-Apr-2026 15:16:49 Europe/Berlin] PHP Warning:  ini_set(): Session ini settings cannot be changed when a session is active in C:\xampp\htdocs\nexusmail\config.php on line 45
[13-Apr-2026 15:16:53 Europe/Berlin] PHP Warning:  ini_set(): Session ini settings cannot be changed when a session is active in C:\xampp\htdocs\nexusmail\config.php on line 44
[13-Apr-2026 15:16:53 Europe/Berlin] PHP Warning:  ini_set(): Session ini settings cannot be changed when a session is active in C:\xampp\htdocs\nexusmail\config.php on line 45
[13-Apr-2026 15:16:57 Europe/Berlin] PHP Warning:  ini_set(): Session ini settings cannot be changed when a session is active in C:\xampp\htdocs\nexusmail\config.php on line 44
[13-Apr-2026 15:16:57 Europe/Berlin] PHP Warning:  ini_set(): Session ini settings cannot be changed when a session is active in C:\xampp\htdocs\nexusmail\config.php on line 45
[13-Apr-2026 15:17:02 Europe/Berlin] PHP Warning:  ini_set(): Session ini settings cannot be changed when a session is active in C:\xampp\htdocs\nexusmail\config.php on line 44
[13-Apr-2026 15:17:02 Europe/Berlin] PHP Warning:  ini_set(): Session ini settings cannot be changed when a session is active in C:\xampp\htdocs\nexusmail\config.php on line 45
[13-Apr-2026 15:17:06 Europe/Berlin] PHP Warning:  ini_set(): Session ini settings cannot be changed when a session is active in C:\xampp\htdocs\nexusmail\config.php on line 44
[13-Apr-2026 15:17:06 Europe/Berlin] PHP Warning:  ini_set(): Session ini settings cannot be changed when a session is active in C:\xampp\htdocs\nexusmail\config.php on line 45
[13-Apr-2026 15:17:10 Europe/Berlin] PHP Warning:  ini_set(): Session ini settings cannot be changed when a session is active in C:\xampp\htdocs\nexusmail\config.php on line 44
[13-Apr-2026 15:17:10 Europe/Berlin] PHP Warning:  ini_set(): Session ini settings cannot be changed when a session is active in C:\xampp\htdocs\nexusmail\config.php on line 45
[13-Apr-2026 15:17:30 Europe/Berlin] PHP Warning:  ini_set(): Session ini settings cannot be changed when a session is active in C:\xampp\htdocs\nexusmail\config.php on line 44
[13-Apr-2026 15:17:30 Europe/Berlin] PHP Warning:  ini_set(): Session ini settings cannot be changed when a session is active in C:\xampp\htdocs\nexusmail\config.php on line 45
[13-Apr-2026 15:17:34 Europe/Berlin] PHP Warning:  ini_set(): Session ini settings cannot be changed when a session is active in C:\xampp\htdocs\nexusmail\config.php on line 44
[13-Apr-2026 15:17:34 Europe/Berlin] PHP Warning:  ini_set(): Session ini settings cannot be changed when a session is active in C:\xampp\htdocs\nexusmail\config.php on line 45
[13-Apr-2026 15:17:38 Europe/Berlin] PHP Warning:  ini_set(): Session ini settings cannot be changed when a session is active in C:\xampp\htdocs\nexusmail\config.php on line 44
[13-Apr-2026 15:17:38 Europe/Berlin] PHP Warning:  ini_set(): Session ini settings cannot be changed when a session is active in C:\xampp\htdocs\nexusmail\config.php on line 45
[13-Apr-2026 15:17:42 Europe/Berlin] PHP Warning:  ini_set(): Session ini settings cannot be changed when a session is active in C:\xampp\htdocs\nexusmail\config.php on line 44
[13-Apr-2026 15:17:42 Europe/Berlin] PHP Warning:  ini_set(): Session ini settings cannot be changed when a session is active in C:\xampp\htdocs\nexusmail\config.php on line 45
[13-Apr-2026 15:17:44 Europe/Berlin] PHP Warning:  session_start(): open(C:\xampp\tmp\sess_1etn533nvfp6d5oq8jmpv7sq73, O_RDWR) failed: Permission denied (13) in C:\xampp\htdocs\nexusmail\backend.php on line 25
[13-Apr-2026 15:17:44 Europe/Berlin] PHP Warning:  session_start(): Failed to read session data: files (path: C:\xampp\tmp) in C:\xampp\htdocs\nexusmail\backend.php on line 25
[13-Apr-2026 15:17:47 Europe/Berlin] PHP Warning:  ini_set(): Session ini settings cannot be changed when a session is active in C:\xampp\htdocs\nexusmail\config.php on line 44
[13-Apr-2026 15:17:47 Europe/Berlin] PHP Warning:  ini_set(): Session ini settings cannot be changed when a session is active in C:\xampp\htdocs\nexusmail\config.php on line 45
[13-Apr-2026 15:18:06 Europe/Berlin] PHP Warning:  ini_set(): Session ini settings cannot be changed when a session is active in C:\xampp\htdocs\nexusmail\config.php on line 44
[13-Apr-2026 15:18:06 Europe/Berlin] PHP Warning:  ini_set(): Session ini settings cannot be changed when a session is active in C:\xampp\htdocs\nexusmail\config.php on line 45
